# JRE version: OpenJDK Runtime Environment (8.0_242-b01) (build 1.8.0_242-release-1644-b01)
# Java VM: OpenJDK 64-Bit Server VM (25.242-b01 mixed mode windows-amd64 compressed oops)
Heap:
 PSYoungGen      total 283648K, used 45576K [0x00000000d5580000, 0x00000000e8580000, 0x0000000100000000)
  eden space 263168K, 9% used [0x00000000d5580000,0x00000000d6ed5218,0x00000000e5680000)
  from space 20480K, 95% used [0x00000000e7180000,0x00000000e84ad068,0x00000000e8580000)
  to   space 24064K, 0% used [0x00000000e5680000,0x00000000e5680000,0x00000000e6e00000)
 ParOldGen       total 217600K, used 50738K [0x0000000080000000, 0x000000008d480000, 0x00000000d5580000)
  object space 217600K, 23% used [0x0000000080000000,0x000000008318c950,0x000000008d480000)
 Metaspace       used 87212K, capacity 92974K, committed 93104K, reserved 1130496K
  class space    used 11882K, capacity 12881K, committed 12976K, reserved 1048576K
GC Heap History (10 events):
Event: 11.015 GC heap before
{Heap before GC invocations=15 (full 3):
 PSYoungGen      total 226304K, used 226290K [0x00000000d5580000, 0x00000000e6980000, 0x0000000100000000)
  eden space 205312K, 100% used [0x00000000d5580000,0x00000000e1e00000,0x00000000e1e00000)
  from space 20992K, 99% used [0x00000000e1e00000,0x00000000e327c850,0x00000000e3280000)
  to   space 24064K, 0% used [0x00000000e5200000,0x00000000e5200000,0x00000000e6980000)
 ParOldGen       total 217600K, used 38810K [0x0000000080000000, 0x000000008d480000, 0x00000000d5580000)
  object space 217600K, 17% used [0x0000000080000000,0x00000000825e6b28,0x000000008d480000)
 Metaspace       used 79702K, capacity 84946K, committed 85296K, reserved 1122304K
  class space    used 11048K, capacity 11990K, committed 12080K, reserved 1048576K
Event: 11.033 GC heap after
Heap after GC invocations=15 (full 3):
 PSYoungGen      total 256000K, used 22167K [0x00000000d5580000, 0x00000000e7180000, 0x0000000100000000)
  eden space 231936K, 0% used [0x00000000d5580000,0x00000000d5580000,0x00000000e3800000)
  from space 24064K, 92% used [0x00000000e5200000,0x00000000e67a5dc8,0x00000000e6980000)
  to   space 26624K, 0% used [0x00000000e3800000,0x00000000e3800000,0x00000000e5200000)
 ParOldGen       total 217600K, used 50706K [0x0000000080000000, 0x000000008d480000, 0x00000000d5580000)
  object space 217600K, 23% used [0x0000000080000000,0x0000000083184950,0x000000008d480000)
 Metaspace       used 79702K, capacity 84946K, committed 85296K, reserved 1122304K
  class space    used 11048K, capacity 11990K, committed 12080K, reserved 1048576K
}
Event: 11.946 GC heap before
{Heap before GC invocations=16 (full 3):
 PSYoungGen      total 256000K, used 254103K [0x00000000d5580000, 0x00000000e7180000, 0x0000000100000000)
  eden space 231936K, 100% used [0x00000000d5580000,0x00000000e3800000,0x00000000e3800000)
  from space 24064K, 92% used [0x00000000e5200000,0x00000000e67a5dc8,0x00000000e6980000)
  to   space 26624K, 0% used [0x00000000e3800000,0x00000000e3800000,0x00000000e5200000)
 ParOldGen       total 217600K, used 50706K [0x0000000080000000, 0x000000008d480000, 0x00000000d5580000)
  object space 217600K, 23% used [0x0000000080000000,0x0000000083184950,0x000000008d480000)
 Metaspace       used 81712K, capacity 87392K, committed 87600K, reserved 1124352K
  class space    used 11260K, capacity 12269K, committed 12336K, reserved 1048576K
Event: 11.954 GC heap after
Heap after GC invocations=16 (full 3):
 PSYoungGen      total 258560K, used 13888K [0x00000000d5580000, 0x00000000e8a00000, 0x0000000100000000)
  eden space 231936K, 0% used [0x00000000d5580000,0x00000000d5580000,0x00000000e3800000)
  from space 26624K, 52% used [0x00000000e3800000,0x00000000e4590000,0x00000000e5200000)
  to   space 25088K, 0% used [0x00000000e7180000,0x00000000e7180000,0x00000000e8a00000)
 ParOldGen       total 217600K, used 50714K [0x0000000080000000, 0x000000008d480000, 0x00000000d5580000)
  object space 217600K, 23% used [0x0000000080000000,0x0000000083186950,0x000000008d480000)
 Metaspace       used 81712K, capacity 87392K, committed 87600K, reserved 1124352K
  class space    used 11260K, capacity 12269K, committed 12336K, reserved 1048576K
}
Event: 13.375 GC heap before
{Heap before GC invocations=17 (full 3):
 PSYoungGen      total 258560K, used 245824K [0x00000000d5580000, 0x00000000e8a00000, 0x0000000100000000)
  eden space 231936K, 100% used [0x00000000d5580000,0x00000000e3800000,0x00000000e3800000)
  from space 26624K, 52% used [0x00000000e3800000,0x00000000e4590000,0x00000000e5200000)
  to   space 25088K, 0% used [0x00000000e7180000,0x00000000e7180000,0x00000000e8a00000)
 ParOldGen       total 217600K, used 50714K [0x0000000080000000, 0x000000008d480000, 0x00000000d5580000)
  object space 217600K, 23% used [0x0000000080000000,0x0000000083186950,0x000000008d480000)
 Metaspace       used 82150K, capacity 87880K, committed 88112K, reserved 1124352K
  class space    used 11261K, capacity 12269K, committed 12336K, reserved 1048576K
Event: 13.385 GC heap after
Heap after GC invocations=17 (full 3):
 PSYoungGen      total 283648K, used 13377K [0x00000000d5580000, 0x00000000e8580000, 0x0000000100000000)
  eden space 263168K, 0% used [0x00000000d5580000,0x00000000d5580000,0x00000000e5680000)
  from space 20480K, 65% used [0x00000000e7180000,0x00000000e7e90770,0x00000000e8580000)
  to   space 24064K, 0% used [0x00000000e5680000,0x00000000e5680000,0x00000000e6e00000)
 ParOldGen       total 217600K, used 50722K [0x0000000080000000, 0x000000008d480000, 0x00000000d5580000)
  object space 217600K, 23% used [0x0000000080000000,0x0000000083188950,0x000000008d480000)
 Metaspace       used 82150K, capacity 87880K, committed 88112K, reserved 1124352K
  class space    used 11261K, capacity 12269K, committed 12336K, reserved 1048576K
}
Event: 64.225 GC heap before
{Heap before GC invocations=18 (full 3):
 PSYoungGen      total 283648K, used 276545K [0x00000000d5580000, 0x00000000e8580000, 0x0000000100000000)
  eden space 263168K, 100% used [0x00000000d5580000,0x00000000e5680000,0x00000000e5680000)
  from space 20480K, 65% used [0x00000000e7180000,0x00000000e7e90770,0x00000000e8580000)
  to   space 24064K, 0% used [0x00000000e5680000,0x00000000e5680000,0x00000000e6e00000)
 ParOldGen       total 217600K, used 50722K [0x0000000080000000, 0x000000008d480000, 0x00000000d5580000)
  object space 217600K, 23% used [0x0000000080000000,0x0000000083188950,0x000000008d480000)
 Metaspace       used 83423K, capacity 89148K, committed 89264K, reserved 1126400K
  class space    used 11392K, capacity 12399K, committed 12464K, reserved 1048576K
Event: 64.235 GC heap after
Heap after GC invocations=18 (full 3):
 PSYoungGen      total 287232K, used 19722K [0x00000000d5580000, 0x00000000e8580000, 0x0000000100000000)
  eden space 263168K, 0% used [0x00000000d5580000,0x00000000d5580000,0x00000000e5680000)
  from space 24064K, 81% used [0x00000000e5680000,0x00000000e69c2ad8,0x00000000e6e00000)
  to   space 20480K, 0% used [0x00000000e7180000,0x00000000e7180000,0x00000000e8580000)
 ParOldGen       total 217600K, used 50730K [0x0000000080000000, 0x000000008d480000, 0x00000000d5580000)
  object space 217600K, 23% used [0x0000000080000000,0x000000008318a950,0x000000008d480000)
 Metaspace       used 83423K, capacity 89148K, committed 89264K, reserved 1126400K
  class space    used 11392K, capacity 12399K, committed 12464K, reserved 1048576K
}
Event: 64.805 GC heap before
{Heap before GC invocations=19 (full 3):
 PSYoungGen      total 287232K, used 282890K [0x00000000d5580000, 0x00000000e8580000, 0x0000000100000000)
  eden space 263168K, 100% used [0x00000000d5580000,0x00000000e5680000,0x00000000e5680000)
  from space 24064K, 81% used [0x00000000e5680000,0x00000000e69c2ad8,0x00000000e6e00000)
  to   space 20480K, 0% used [0x00000000e7180000,0x00000000e7180000,0x00000000e8580000)
 ParOldGen       total 217600K, used 50730K [0x0000000080000000, 0x000000008d480000, 0x00000000d5580000)
  object space 217600K, 23% used [0x0000000080000000,0x000000008318a950,0x000000008d480000)
 Metaspace       used 87205K, capacity 92974K, committed 93104K, reserved 1130496K
  class space    used 11882K, capacity 12881K, committed 12976K, reserved 1048576K
Event: 64.814 GC heap after
Heap after GC invocations=19 (full 3):
 PSYoungGen      total 283648K, used 19636K [0x00000000d5580000, 0x00000000e8580000, 0x0000000100000000)
  eden space 263168K, 0% used [0x00000000d5580000,0x00000000d5580000,0x00000000e5680000)
  from space 20480K, 95% used [0x00000000e7180000,0x00000000e84ad068,0x00000000e8580000)
  to   space 24064K, 0% used [0x00000000e5680000,0x00000000e5680000,0x00000000e6e00000)
 ParOldGen       total 217600K, used 50738K [0x0000000080000000, 0x000000008d480000, 0x00000000d5580000)
  object space 217600K, 23% used [0x0000000080000000,0x000000008318c950,0x000000008d480000)
 Metaspace       used 87205K, capacity 92974K, committed 93104K, reserved 1130496K
  class space    used 11882K, capacity 12881K, committed 12976K, reserved 1048576K
}

